#
# There is insufficient memory for the Java Runtime Environment to continue.
# Native memory allocation (malloc) failed to allocate 1256416 bytes for Chunk::new
# Possible reasons:
#   The system is out of physical RAM or swap space
#   In 32 bit mode, the process size limit was hit
# Possible solutions:
#   Reduce memory load on the system
#   Increase physical memory or swap space
#   Check if swap backing store is full
#   Use 64 bit Java on a 64 bit OS
#   Decrease Java heap size (-Xmx/-Xms)
#   Decrease number of Java threads
#   Decrease Java thread stack sizes (-Xss)
#   Set larger code cache with -XX:ReservedCodeCacheSize=
# This output file may be truncated or incomplete.
#
#  Out of Memory Error (allocation.cpp:390), pid=34168, tid=0x000000000000a22c
#
# JRE version: Java(TM) SE Runtime Environment (8.0_162-b12) (build 1.8.0_162-b12)
# Java VM: Java HotSpot(TM) 64-Bit Server VM (25.162-b12 mixed mode windows-amd64 compressed oops)
# Failed to write core dump. Minidumps are not enabled by default on client versions of Windows
#

---------------  T H R E A D  ---------------

Current thread (0x0000000019d64000):  JavaThread "C2 CompilerThread1" daemon [_thread_in_native, id=41516, stack(0x000000001b350000,0x000000001b450000)]

Stack: [0x000000001b350000,0x000000001b450000]
[error occurred during error reporting (printing stack bounds), id 0xc0000005]

Native frames: (J=compiled Java code, j=interpreted, Vv=VM code, C=native code)


Current CompileTask:
C2:   2655 3356   !   4       org.springframework.core.annotation.AnnotatedElementUtils::searchWithFindSemantics (774 bytes)


---------------  P R O C E S S  ---------------

Java Threads: ( => current thread )
  0x000000001cccd800 JavaThread "HikariPool-1 housekeeper" daemon [_thread_blocked, id=41084, stack(0x0000000022a20000,0x0000000022b20000)]
  0x000000002210d000 JavaThread "Abandoned connection cleanup thread" daemon [_thread_blocked, id=41068, stack(0x00000000217c0000,0x00000000218c0000)]
  0x000000001cdce800 JavaThread "container-0" [_thread_blocked, id=30208, stack(0x00000000216c0000,0x00000000217c0000)]
  0x000000001fa31800 JavaThread "ContainerBackgroundProcessor[StandardEngine[Tomcat]]" daemon [_thread_blocked, id=35300, stack(0x0000000021190000,0x0000000021290000)]
  0x0000000019e00800 JavaThread "Service Thread" daemon [_thread_blocked, id=33164, stack(0x000000001b650000,0x000000001b750000)]
  0x0000000019d6e000 JavaThread "C1 CompilerThread3" daemon [_thread_blocked, id=41364, stack(0x000000001b550000,0x000000001b650000)]
  0x0000000019d69800 JavaThread "C2 CompilerThread2" daemon [_thread_blocked, id=17800, stack(0x000000001b450000,0x000000001b550000)]
=>0x0000000019d64000 JavaThread "C2 CompilerThread1" daemon [_thread_in_native, id=41516, stack(0x000000001b350000,0x000000001b450000)]
  0x0000000019d60800 JavaThread "C2 CompilerThread0" daemon [_thread_blocked, id=41580, stack(0x000000001b250000,0x000000001b350000)]
  0x0000000019d5f000 JavaThread "Attach Listener" daemon [_thread_blocked, id=41464, stack(0x000000001b150000,0x000000001b250000)]
  0x0000000019d5b800 JavaThread "Signal Dispatcher" daemon [_thread_blocked, id=41276, stack(0x000000001b050000,0x000000001b150000)]
  0x0000000019cf3000 JavaThread "Finalizer" daemon [_thread_blocked, id=41764, stack(0x000000001af50000,0x000000001b050000)]
  0x000000001862d000 JavaThread "Reference Handler" daemon [_thread_blocked, id=9800, stack(0x000000001ae50000,0x000000001af50000)]
  0x0000000003414000 JavaThread "main" [_thread_in_Java, id=39324, stack(0x0000000003220000,0x0000000003320000)]

Other Threads:
  0x0000000018627000 VMThread [stack: 0x000000001ad50000,0x000000001ae50000] [id=41972]
  0x0000000019e14000 WatcherThread [stack: 0x000000001b750000,0x000000001b850000] [id=6788]

VM state:not at safepoint (normal execution)

VM Mutex/Monitor currently owned by a thread:  ([mutex/lock_event])
[0x00000000034111d0] SystemDictionary_lock - owner thread: 0x0000000000000000

Heap:
 PSYoungGen      total 217088K, used 20703K [0x00000000d6100000, 0x00000000e5200000, 0x0000000100000000)
  eden space 202240K, 10% used [0x00000000d6100000,0x00000000d7537c40,0x00000000e2680000)
  from space 14848K, 0% used [0x00000000e3580000,0x00000000e3580000,0x00000000e4400000)
  to   space 15360K, 0% used [0x00000000e2680000,0x00000000e2680000,0x00000000e3580000)
 ParOldGen       total 75776K, used 18051K [0x0000000082200000, 0x0000000086c00000, 0x00000000d6100000)
  object space 75776K, 23% used [0x0000000082200000,0x00000000833a0d48,0x0000000086c00000)
 Metaspace       used 36280K, capacity 37950K, committed 38144K, reserved 1083392K
  class space    used 4711K, capacity 5025K, committed 5120K, reserved 1048576K

Card table byte_map: [0x00000000128d0000,0x0000000012cc0000] byte_map_base: 0x00000000124bf000

Marking Bits: (ParMarkBitMap*) 0x000000006ce60860
 Begin Bits: [0x0000000013960000, 0x00000000158d8000)
 End Bits:   [0x00000000158d8000, 0x0000000017850000)

Polling page: 0x0000000000bd0000

CodeCache: size=245760Kb used=12978Kb max_used=12978Kb free=232781Kb
 bounds [0x0000000003510000, 0x00000000041d0000, 0x0000000012510000]
 total_blobs=3971 nmethods=3526 adapters=357
 compilation: enabled

Compilation events (10 events):
Event: 2.652 Thread 0x0000000019d6e000 3528       3       sun.misc.ProxyGenerator$FieldInfo::write (50 bytes)
Event: 2.652 Thread 0x0000000019d6e000 nmethod 3528 0x00000000041b0c50 code [0x00000000041b0ee0, 0x00000000041b2058]
Event: 2.652 Thread 0x0000000019d6e000 3521       3       sun.misc.ProxyGenerator$PrimitiveTypeInfo::get (13 bytes)
Event: 2.653 Thread 0x0000000019d6e000 nmethod 3521 0x00000000041b0710 code [0x00000000041b0880, 0x00000000041b0b88]
Event: 2.653 Thread 0x0000000019d6e000 3525       3       sun.misc.ProxyGenerator$ProxyMethod::access$1900 (6 bytes)
Event: 2.653 Thread 0x0000000019d6e000 nmethod 3525 0x00000000041b0350 code [0x00000000041b04c0, 0x00000000041b0628]
Event: 2.653 Thread 0x0000000019d6e000 3527       3       sun.misc.ProxyGenerator::access$1800 (7 bytes)
Event: 2.653 Thread 0x0000000019d6e000 nmethod 3527 0x00000000041aff90 code [0x00000000041b0100, 0x00000000041b0268]
Event: 2.653 Thread 0x0000000019d6e000 3523       3       sun.misc.ProxyGenerator$ProxyMethod::codeUnwrapReturnValue (213 bytes)
Event: 2.653 Thread 0x0000000019d69800 nmethod 3529 0x00000000041ae6d0 code [0x00000000041ae880, 0x00000000041aed78]

GC Heap History (10 events):
Event: 0.896 GC heap before
{Heap before GC invocations=6 (full 1):
 PSYoungGen      total 70656K, used 5090K [0x00000000d6100000, 0x00000000df300000, 0x0000000100000000)
  eden space 65536K, 0% used [0x00000000d6100000,0x00000000d6100000,0x00000000da100000)
  from space 5120K, 99% used [0x00000000da100000,0x00000000da5f8910,0x00000000da600000)
  to   space 9216K, 0% used [0x00000000dea00000,0x00000000dea00000,0x00000000df300000)
 ParOldGen       total 86016K, used 5532K [0x0000000082200000, 0x0000000087600000, 0x00000000d6100000)
  object space 86016K, 6% used [0x0000000082200000,0x0000000082767290,0x0000000087600000)
 Metaspace       used 20576K, capacity 21164K, committed 21296K, reserved 1067008K
  class space    used 2698K, capacity 2868K, committed 2944K, reserved 1048576K
Event: 0.913 GC heap after
Heap after GC invocations=6 (full 1):
 PSYoungGen      total 70656K, used 0K [0x00000000d6100000, 0x00000000df300000, 0x0000000100000000)
  eden space 65536K, 0% used [0x00000000d6100000,0x00000000d6100000,0x00000000da100000)
  from space 5120K, 0% used [0x00000000da100000,0x00000000da100000,0x00000000da600000)
  to   space 9216K, 0% used [0x00000000dea00000,0x00000000dea00000,0x00000000df300000)
 ParOldGen       total 47616K, used 4939K [0x0000000082200000, 0x0000000085080000, 0x00000000d6100000)
  object space 47616K, 10% used [0x0000000082200000,0x00000000826d2d78,0x0000000085080000)
 Metaspace       used 20575K, capacity 21158K, committed 21296K, reserved 1067008K
  class space    used 2697K, capacity 2867K, committed 2944K, reserved 1048576K
}
Event: 1.088 GC heap before
{Heap before GC invocations=7 (full 1):
 PSYoungGen      total 70656K, used 65536K [0x00000000d6100000, 0x00000000df300000, 0x0000000100000000)
  eden space 65536K, 100% used [0x00000000d6100000,0x00000000da100000,0x00000000da100000)
  from space 5120K, 0% used [0x00000000da100000,0x00000000da100000,0x00000000da600000)
  to   space 9216K, 0% used [0x00000000dea00000,0x00000000dea00000,0x00000000df300000)
 ParOldGen       total 47616K, used 4939K [0x0000000082200000, 0x0000000085080000, 0x00000000d6100000)
  object space 47616K, 10% used [0x0000000082200000,0x00000000826d2d78,0x0000000085080000)
 Metaspace       used 23183K, capacity 23934K, committed 24192K, reserved 1071104K
  class space    used 3019K, capacity 3199K, committed 3200K, reserved 1048576K
Event: 1.091 GC heap after
Heap after GC invocations=7 (full 1):
 PSYoungGen      total 120832K, used 3893K [0x00000000d6100000, 0x00000000dee00000, 0x0000000100000000)
  eden space 116736K, 0% used [0x00000000d6100000,0x00000000d6100000,0x00000000dd300000)
  from space 4096K, 95% used [0x00000000dea00000,0x00000000dedcd7f0,0x00000000dee00000)
  to   space 9216K, 0% used [0x00000000ddc00000,0x00000000ddc00000,0x00000000de500000)
 ParOldGen       total 47616K, used 5011K [0x0000000082200000, 0x0000000085080000, 0x00000000d6100000)
  object space 47616K, 10% used [0x0000000082200000,0x00000000826e4d88,0x0000000085080000)
 Metaspace       used 23183K, capacity 23934K, committed 24192K, reserved 1071104K
  class space    used 3019K, capacity 3199K, committed 3200K, reserved 1048576K
}
Event: 2.236 GC heap before
{Heap before GC invocations=8 (full 1):
 PSYoungGen      total 120832K, used 120629K [0x00000000d6100000, 0x00000000dee00000, 0x0000000100000000)
  eden space 116736K, 100% used [0x00000000d6100000,0x00000000dd300000,0x00000000dd300000)
  from space 4096K, 95% used [0x00000000dea00000,0x00000000dedcd7f0,0x00000000dee00000)
  to   space 9216K, 0% used [0x00000000ddc00000,0x00000000ddc00000,0x00000000de500000)
 ParOldGen       total 47616K, used 5011K [0x0000000082200000, 0x0000000085080000, 0x00000000d6100000)
  object space 47616K, 10% used [0x0000000082200000,0x00000000826e4d88,0x0000000085080000)
 Metaspace       used 32169K, capacity 33638K, committed 33792K, reserved 1079296K
  class space    used 4214K, capacity 4515K, committed 4608K, reserved 1048576K
Event: 2.247 GC heap after
Heap after GC invocations=8 (full 1):
 PSYoungGen      total 135168K, used 9215K [0x00000000d6100000, 0x00000000e4400000, 0x0000000100000000)
  eden space 125952K, 0% used [0x00000000d6100000,0x00000000d6100000,0x00000000ddc00000)
  from space 9216K, 99% used [0x00000000ddc00000,0x00000000de4ffea0,0x00000000de500000)
  to   space 14848K, 0% used [0x00000000e3580000,0x00000000e3580000,0x00000000e4400000)
 ParOldGen       total 47616K, used 13202K [0x0000000082200000, 0x0000000085080000, 0x00000000d6100000)
  object space 47616K, 27% used [0x0000000082200000,0x0000000082ee4820,0x0000000085080000)
 Metaspace       used 32169K, capacity 33638K, committed 33792K, reserved 1079296K
  class space    used 4214K, capacity 4515K, committed 4608K, reserved 1048576K
}
Event: 2.469 GC heap before
{Heap before GC invocations=9 (full 1):
 PSYoungGen      total 135168K, used 66278K [0x00000000d6100000, 0x00000000e4400000, 0x0000000100000000)
  eden space 125952K, 45% used [0x00000000d6100000,0x00000000d98b9cc0,0x00000000ddc00000)
  from space 9216K, 99% used [0x00000000ddc00000,0x00000000de4ffea0,0x00000000de500000)
  to   space 14848K, 0% used [0x00000000e3580000,0x00000000e3580000,0x00000000e4400000)
 ParOldGen       total 47616K, used 13202K [0x0000000082200000, 0x0000000085080000, 0x00000000d6100000)
  object space 47616K, 27% used [0x0000000082200000,0x0000000082ee4820,0x0000000085080000)
 Metaspace       used 33847K, capacity 35384K, committed 35456K, reserved 1079296K
  class space    used 4427K, capacity 4714K, committed 4736K, reserved 1048576K
Event: 2.476 GC heap after
Heap after GC invocations=9 (full 1):
 PSYoungGen      total 217088K, used 11040K [0x00000000d6100000, 0x00000000e5200000, 0x0000000100000000)
  eden space 202240K, 0% used [0x00000000d6100000,0x00000000d6100000,0x00000000e2680000)
  from space 14848K, 74% used [0x00000000e3580000,0x00000000e4048378,0x00000000e4400000)
  to   space 15360K, 0% used [0x00000000e2680000,0x00000000e2680000,0x00000000e3580000)
 ParOldGen       total 47616K, used 13210K [0x0000000082200000, 0x0000000085080000, 0x00000000d6100000)
  object space 47616K, 27% used [0x0000000082200000,0x0000000082ee6820,0x0000000085080000)
 Metaspace       used 33847K, capacity 35384K, committed 35456K, reserved 1079296K
  class space    used 4427K, capacity 4714K, committed 4736K, reserved 1048576K
}
Event: 2.476 GC heap before
{Heap before GC invocations=10 (full 2):
 PSYoungGen      total 217088K, used 11040K [0x00000000d6100000, 0x00000000e5200000, 0x0000000100000000)
  eden space 202240K, 0% used [0x00000000d6100000,0x00000000d6100000,0x00000000e2680000)
  from space 14848K, 74% used [0x00000000e3580000,0x00000000e4048378,0x00000000e4400000)
  to   space 15360K, 0% used [0x00000000e2680000,0x00000000e2680000,0x00000000e3580000)
 ParOldGen       total 47616K, used 13210K [0x0000000082200000, 0x0000000085080000, 0x00000000d6100000)
  object space 47616K, 27% used [0x0000000082200000,0x0000000082ee6820,0x0000000085080000)
 Metaspace       used 33847K, capacity 35384K, committed 35456K, reserved 1079296K
  class space    used 4427K, capacity 4714K, committed 4736K, reserved 1048576K
Event: 2.508 GC heap after
Heap after GC invocations=10 (full 2):
 PSYoungGen      total 217088K, used 0K [0x00000000d6100000, 0x00000000e5200000, 0x0000000100000000)
  eden space 202240K, 0% used [0x00000000d6100000,0x00000000d6100000,0x00000000e2680000)
  from space 14848K, 0% used [0x00000000e3580000,0x00000000e3580000,0x00000000e4400000)
  to   space 15360K, 0% used [0x00000000e2680000,0x00000000e2680000,0x00000000e3580000)
 ParOldGen       total 75776K, used 18051K [0x0000000082200000, 0x0000000086c00000, 0x00000000d6100000)
  object space 75776K, 23% used [0x0000000082200000,0x00000000833a0d48,0x0000000086c00000)
 Metaspace       used 33847K, capacity 35384K, committed 35456K, reserved 1079296K
  class space    used 4427K, capacity 4714K, committed 4736K, reserved 1048576K
}

Deoptimization events (10 events):
Event: 2.415 Thread 0x000000002210d000 Uncommon trap: reason=unstable_if action=reinterpret pc=0x0000000003709544 method=java.util.zip.ZipCoder.getBytes(Ljava/lang/String;)[B @ 32
Event: 2.415 Thread 0x000000002210d000 Uncommon trap: reason=unstable_if action=reinterpret pc=0x0000000003703e48 method=java.util.zip.ZipCoder.getBytes(Ljava/lang/String;)[B @ 32
Event: 2.415 Thread 0x000000002210d000 Uncommon trap: reason=unstable_if action=reinterpret pc=0x00000000039472bc method=java.net.URL.<init>(Ljava/net/URL;Ljava/lang/String;Ljava/net/URLStreamHandler;)V @ 57
Event: 2.415 Thread 0x000000002210d000 Uncommon trap: reason=unstable_if action=reinterpret pc=0x00000000040dfdf0 method=java.net.URLStreamHandler.parseURL(Ljava/net/URL;Ljava/lang/String;II)V @ 57
Event: 2.416 Thread 0x0000000003414000 Uncommon trap: reason=unstable_if action=reinterpret pc=0x000000000375b108 method=java.lang.AbstractStringBuilder.append(Ljava/lang/String;)Ljava/lang/AbstractStringBuilder; @ 1
Event: 2.418 Thread 0x0000000003414000 Uncommon trap: reason=class_check action=maybe_recompile pc=0x00000000040c8860 method=org.springframework.core.annotation.AnnotationUtils.hasPlainJavaAnnotationsOnly(Ljava/lang/Object;)Z @ 1
Event: 2.426 Thread 0x0000000003414000 Uncommon trap: reason=null_check action=make_not_entrant pc=0x0000000003f3ac98 method=org.springframework.util.ClassUtils.isAssignable(Ljava/lang/Class;Ljava/lang/Class;)Z @ 14
Event: 2.542 Thread 0x0000000003414000 Uncommon trap: reason=unstable_if action=reinterpret pc=0x000000000407adf8 method=java.util.Properties$LineReader.readLine()I @ 271
Event: 2.542 Thread 0x0000000003414000 Uncommon trap: reason=unstable_if action=reinterpret pc=0x0000000004041224 method=java.util.Properties.loadConvert([CII[C)Ljava/lang/String; @ 4
Event: 2.633 Thread 0x0000000003414000 Uncommon trap: reason=unstable_if action=reinterpret pc=0x0000000003733200 method=java.lang.AbstractStringBuilder.append(Ljava/lang/String;)Ljava/lang/AbstractStringBuilder; @ 1

Classes redefined (0 events):
No events

Internal exceptions (10 events):
Event: 2.417 Thread 0x0000000003414000 Exception <a 'java/lang/NullPointerException'> (0x00000000d923d888) thrown at [C:\re\workspace\8-2-build-windows-amd64-cygwin\jdk8u162\10278\hotspot\src\share\vm\runtime\sharedRuntime.cpp, line 605]
Event: 2.417 Thread 0x0000000003414000 Implicit null exception at 0x000000000410274d to 0x0000000004102cc4
Event: 2.417 Thread 0x0000000003414000 Exception <a 'java/lang/NullPointerException'> (0x00000000d923e6e8) thrown at [C:\re\workspace\8-2-build-windows-amd64-cygwin\jdk8u162\10278\hotspot\src\share\vm\runtime\sharedRuntime.cpp, line 605]
Event: 2.417 Thread 0x0000000003414000 Implicit null exception at 0x000000000410274d to 0x0000000004102cc4
Event: 2.417 Thread 0x0000000003414000 Exception <a 'java/lang/NullPointerException'> (0x00000000d923f560) thrown at [C:\re\workspace\8-2-build-windows-amd64-cygwin\jdk8u162\10278\hotspot\src\share\vm\runtime\sharedRuntime.cpp, line 605]
Event: 2.417 Thread 0x0000000003414000 Implicit null exception at 0x000000000410274d to 0x0000000004102cc4
Event: 2.417 Thread 0x0000000003414000 Exception <a 'java/lang/NullPointerException'> (0x00000000d92403d0) thrown at [C:\re\workspace\8-2-build-windows-amd64-cygwin\jdk8u162\10278\hotspot\src\share\vm\runtime\sharedRuntime.cpp, line 605]
Event: 2.417 Thread 0x0000000003414000 Implicit null exception at 0x000000000410274d to 0x0000000004102cc4
Event: 2.417 Thread 0x0000000003414000 Exception <a 'java/lang/NullPointerException'> (0x00000000d92412a0) thrown at [C:\re\workspace\8-2-build-windows-amd64-cygwin\jdk8u162\10278\hotspot\src\share\vm\runtime\sharedRuntime.cpp, line 605]
Event: 2.633 Thread 0x0000000003414000 Implicit null exception at 0x0000000003732e56 to 0x00000000037331e9

Events (10 events):
Event: 2.653 loading class org/hibernate/engine/transaction/jta/platform/internal/NoJtaPlatform
Event: 2.653 loading class org/hibernate/engine/transaction/jta/platform/internal/NoJtaPlatform done
Event: 2.654 loading class org/hibernate/engine/transaction/jta/platform/spi/JtaPlatform
Event: 2.654 loading class org/hibernate/engine/transaction/jta/platform/spi/JtaPlatform done
Event: 2.654 loading class org/hibernate/service/Service
Event: 2.654 loading class org/hibernate/service/Service done
Event: 2.654 loading class org/springframework/boot/jdbc/metadata/HikariDataSourcePoolMetadata
Event: 2.654 loading class org/springframework/boot/jdbc/metadata/HikariDataSourcePoolMetadata done
Event: 2.654 loading class org/springframework/boot/jdbc/metadata/AbstractDataSourcePoolMetadata
Event: 2.654 loading class org/springframework/boot/jdbc/metadata/AbstractDataSourcePoolMetadata done


Dynamic libraries:
0x00007ff6b6370000 - 0x00007ff6b63a7000 	C:\Program Files\Java\jre1.8.0_162\bin\javaw.exe
0x00007ffd1ada0000 - 0x00007ffd1af81000 	C:\WINDOWS\SYSTEM32\ntdll.dll
0x00007ffd1a520000 - 0x00007ffd1a5d2000 	C:\WINDOWS\System32\KERNEL32.DLL
0x00007ffd171d0000 - 0x00007ffd17443000 	C:\WINDOWS\System32\KERNELBASE.dll
0x00007ffd19d30000 - 0x00007ffd19dd1000 	C:\WINDOWS\System32\ADVAPI32.dll
0x00007ffd19de0000 - 0x00007ffd19e7e000 	C:\WINDOWS\System32\msvcrt.dll
0x00007ffd1a840000 - 0x00007ffd1a89b000 	C:\WINDOWS\System32\sechost.dll
0x00007ffd1a3f0000 - 0x00007ffd1a514000 	C:\WINDOWS\System32\RPCRT4.dll
0x00007ffd1a8b0000 - 0x00007ffd1aa40000 	C:\WINDOWS\System32\USER32.dll
0x00007ffd18210000 - 0x00007ffd18230000 	C:\WINDOWS\System32\win32u.dll
0x00007ffd19c80000 - 0x00007ffd19ca8000 	C:\WINDOWS\System32\GDI32.dll
0x00007ffd18070000 - 0x00007ffd18202000 	C:\WINDOWS\System32\gdi32full.dll
0x00007ffd17450000 - 0x00007ffd174ef000 	C:\WINDOWS\System32\msvcp_win.dll
0x00007ffd17cb0000 - 0x00007ffd17daa000 	C:\WINDOWS\System32\ucrtbase.dll
0x00007ffd072e0000 - 0x00007ffd07549000 	C:\WINDOWS\WinSxS\amd64_microsoft.windows.common-controls_6595b64144ccf1df_6.0.17134.165_none_fb429645306569ac\COMCTL32.dll
0x00007ffd1aa40000 - 0x00007ffd1ad63000 	C:\WINDOWS\System32\combase.dll
0x00007ffd17db0000 - 0x00007ffd17e2a000 	C:\WINDOWS\System32\bcryptPrimitives.dll
0x00007ffd18700000 - 0x00007ffd1872d000 	C:\WINDOWS\System32\IMM32.DLL
0x000000006c010000 - 0x000000006c0e1000 	C:\Program Files\Java\jre1.8.0_162\bin\msvcr100.dll
0x000000006c640000 - 0x000000006cee0000 	C:\Program Files\Java\jre1.8.0_162\bin\server\jvm.dll
0x00007ffd1a5e0000 - 0x00007ffd1a5e8000 	C:\WINDOWS\System32\PSAPI.DLL
0x00007ffd0a1c0000 - 0x00007ffd0a1c9000 	C:\WINDOWS\SYSTEM32\WSOCK32.dll
0x00007ffd0d240000 - 0x00007ffd0d263000 	C:\WINDOWS\SYSTEM32\WINMM.dll
0x00007ffd0cc00000 - 0x00007ffd0cc0a000 	C:\WINDOWS\SYSTEM32\VERSION.dll
0x00007ffd19b70000 - 0x00007ffd19bdc000 	C:\WINDOWS\System32\WS2_32.dll
0x00007ffd0d070000 - 0x00007ffd0d09a000 	C:\WINDOWS\SYSTEM32\winmmbase.dll
0x00007ffd17e30000 - 0x00007ffd17e79000 	C:\WINDOWS\System32\cfgmgr32.dll
0x000000006f270000 - 0x000000006f27f000 	C:\Program Files\Java\jre1.8.0_162\bin\verify.dll
0x000000006e010000 - 0x000000006e039000 	C:\Program Files\Java\jre1.8.0_162\bin\java.dll
0x000000006df70000 - 0x000000006df86000 	C:\Program Files\Java\jre1.8.0_162\bin\zip.dll
0x00007ffd18730000 - 0x00007ffd19b70000 	C:\WINDOWS\System32\SHELL32.dll
0x00007ffd1a2d0000 - 0x00007ffd1a379000 	C:\WINDOWS\System32\shcore.dll
0x00007ffd174f0000 - 0x00007ffd17bfd000 	C:\WINDOWS\System32\windows.storage.dll
0x00007ffd19cb0000 - 0x00007ffd19d01000 	C:\WINDOWS\System32\shlwapi.dll
0x00007ffd170e0000 - 0x00007ffd170f1000 	C:\WINDOWS\System32\kernel.appcore.dll
0x00007ffd170c0000 - 0x00007ffd170df000 	C:\WINDOWS\System32\profapi.dll
0x00007ffd17100000 - 0x00007ffd1714c000 	C:\WINDOWS\System32\powrprof.dll
0x00007ffd170b0000 - 0x00007ffd170ba000 	C:\WINDOWS\System32\FLTLIB.DLL
0x000000006de50000 - 0x000000006de5d000 	C:\Program Files\Java\jre1.8.0_162\bin\management.dll
0x000000006de60000 - 0x000000006de7a000 	C:\Program Files\Java\jre1.8.0_162\bin\net.dll
0x00007ffd16930000 - 0x00007ffd16996000 	C:\WINDOWS\system32\mswsock.dll
0x00007ffd09fe0000 - 0x00007ffd09ff6000 	C:\WINDOWS\system32\napinsp.dll
0x00007ffd0a0d0000 - 0x00007ffd0a0ea000 	C:\WINDOWS\system32\pnrpnsp.dll
0x00007ffd13da0000 - 0x00007ffd13db9000 	C:\WINDOWS\system32\NLAapi.dll
0x00007ffd16700000 - 0x00007ffd167be000 	C:\WINDOWS\SYSTEM32\DNSAPI.dll
0x00007ffd1a8a0000 - 0x00007ffd1a8a8000 	C:\WINDOWS\System32\NSI.dll
0x00007ffd166b0000 - 0x00007ffd166e8000 	C:\WINDOWS\SYSTEM32\IPHLPAPI.DLL
0x00007ffd0a340000 - 0x00007ffd0a34e000 	C:\WINDOWS\System32\winrnr.dll
0x00007ffd10640000 - 0x00007ffd10655000 	C:\WINDOWS\System32\wshbth.dll
0x00007ffd102b0000 - 0x00007ffd102ba000 	C:\Windows\System32\rasadhlp.dll
0x00007ffd0fc70000 - 0x00007ffd0fce2000 	C:\WINDOWS\System32\fwpuclnt.dll
0x00007ffd16c10000 - 0x00007ffd16c35000 	C:\WINDOWS\SYSTEM32\bcrypt.dll
0x000000006d990000 - 0x000000006d9a1000 	C:\Program Files\Java\jre1.8.0_162\bin\nio.dll
0x00007ffd16ae0000 - 0x00007ffd16af7000 	C:\WINDOWS\SYSTEM32\CRYPTSP.dll
0x00007ffd16510000 - 0x00007ffd16543000 	C:\WINDOWS\system32\rsaenh.dll
0x00007ffd16fb0000 - 0x00007ffd16fd8000 	C:\WINDOWS\SYSTEM32\USERENV.dll
0x00007ffd16b00000 - 0x00007ffd16b0b000 	C:\WINDOWS\SYSTEM32\CRYPTBASE.dll
0x00007ffd103d0000 - 0x00007ffd103e6000 	C:\WINDOWS\SYSTEM32\dhcpcsvc6.DLL
0x00007ffd103b0000 - 0x00007ffd103ca000 	C:\WINDOWS\SYSTEM32\dhcpcsvc.DLL

VM Arguments:
jvm_args: -Dfile.encoding=UTF-8 
java_command: com.wy.life.LifeApplication
java_class_path (initial): C:\Program Files\Java\jre1.8.0_162\lib\resources.jar;C:\Program Files\Java\jre1.8.0_162\lib\rt.jar;C:\Program Files\Java\jre1.8.0_162\lib\jsse.jar;C:\Program Files\Java\jre1.8.0_162\lib\jce.jar;C:\Program Files\Java\jre1.8.0_162\lib\charsets.jar;C:\Program Files\Java\jre1.8.0_162\lib\jfr.jar;C:\Program Files\Java\jre1.8.0_162\lib\ext\access-bridge-64.jar;C:\Program Files\Java\jre1.8.0_162\lib\ext\cldrdata.jar;C:\Program Files\Java\jre1.8.0_162\lib\ext\dnsns.jar;C:\Program Files\Java\jre1.8.0_162\lib\ext\jaccess.jar;C:\Program Files\Java\jre1.8.0_162\lib\ext\jfxrt.jar;C:\Program Files\Java\jre1.8.0_162\lib\ext\localedata.jar;C:\Program Files\Java\jre1.8.0_162\lib\ext\nashorn.jar;C:\Program Files\Java\jre1.8.0_162\lib\ext\sunec.jar;C:\Program Files\Java\jre1.8.0_162\lib\ext\sunjce_provider.jar;C:\Program Files\Java\jre1.8.0_162\lib\ext\sunmscapi.jar;C:\Program Files\Java\jre1.8.0_162\lib\ext\sunpkcs11.jar;C:\Program Files\Java\jre1.8.0_162\lib\ext\zipfs.jar;D:\workspace-sts-3.9.5.RELEASE\other\life\target\classes;C:\repo\org\springframework\boot\spring-boot-starter-data-jpa\2.1.0.M3\spring-boot-starter-data-jpa-2.1.0.M3.jar;C:\repo\org\springframework\boot\spring-boot-starter-aop\2.1.0.M3\spring-boot-starter-aop-2.1.0.M3.jar;C:\repo\org\springframework\spring-aop\5.1.0.RC3\spring-aop-5.1.0.RC3.jar;C:\repo\org\aspectj\aspectjweaver\1.9.1\aspectjweaver-1.9.1.jar;C:\repo\org\springframework\boot\spring-boot-starter-jdbc\2.1.0.M3\spring-boot-starter-jdbc-2.1.0.M3.jar;C:\repo\com\zaxxer\HikariCP\3.2.0\HikariCP-3.2.0.jar;C:\repo\org\springframework\spring-jdbc\5.1.0.RC3\spring-jdbc-5.1.0.RC3.jar;C:\repo\javax\transaction\javax.transaction-api\1.3\javax.transaction-api-1.3.jar;C:\repo\javax\xml\bind\jaxb-api\2.3.0\jaxb-api-2.3.0.jar;C:\repo\org\hibernate\hibernate-core\5.3.6.Final\hibernate-core-5.3.6.Final.jar;C:\repo\org\jboss\logging\jboss-logging\3.3.2.Final\jboss-logging-3.3.2.Final.jar;C:\repo\javax\persistence\javax.persistence-api\2.2\jav
Launcher Type: SUN_STANDARD

Environment Variables:
JAVA_HOME=C:\Program Files\Java\jdk1.7.0_80
CLASSPATH= .;C:\Program Files\Java\jdk1.7.0_80\lib\dt.jar;C:\Program Files\Java\jdk1.7.0_80\lib\tools.jar;
PATH=C:/Program Files/Java/jre1.8.0_162/bin/server;C:/Program Files/Java/jre1.8.0_162/bin;C:/Program Files/Java/jre1.8.0_162/lib/amd64;C:\ProgramData\Oracle\Java\javapath;C:\Program Files (x86)\Intel\Intel(R) Management Engine Components\iCLS\;C:\Program Files\Intel\Intel(R) Management Engine Components\iCLS\;C:\Windows\system32;C:\Windows;C:\Windows\System32\Wbem;C:\Windows\System32\WindowsPowerShell\v1.0\;C:\Program Files (x86)\NVIDIA Corporation\PhysX\Common;C:\Program Files (x86)\Intel\Intel(R) Management Engine Components\DAL;C:\Program Files\Intel\Intel(R) Management Engine Components\DAL;C:\Program Files (x86)\Intel\Intel(R) Management Engine Components\IPT;C:\Program Files\Intel\Intel(R) Management Engine Components\IPT;C:\Program Files\Java\jdk1.7.0_80\bin;C:\Program Files\Java\jdk1.7.0_80\jre\bin;C:\WINDOWS\system32;C:\WINDOWS;C:\WINDOWS\System32\Wbem;C:\WINDOWS\System32\WindowsPowerShell\v1.0\;C:\WINDOWS\System32\OpenSSH\;C:\Program Files\Intel\WiFi\bin\;C:\Program Files\Common Files\Intel\WirelessCommon\;C:\Program Files\Git\cmd;C:\Program Files\TortoiseGit\bin;d:\Program Files\OpenVPN\bin;C:\Program Files\MySQL\MySQL Utilities 1.6\;C:\Users\wuyou\AppData\Local\Microsoft\WindowsApps;;D:\开发工具\sts-bundle\sts-3.9.5.RELEASE;
USERNAME=wuyou
OS=Windows_NT
PROCESSOR_IDENTIFIER=Intel64 Family 6 Model 158 Stepping 10, GenuineIntel



---------------  S Y S T E M  ---------------

OS: Windows 10.0 , 64 bit Build 17134 (10.0.17134.1)

CPU:total 12 (initial active 12) (6 cores per cpu, 2 threads per core) family 6 model 158 stepping 10, cmov, cx8, fxsr, mmx, sse, sse2, sse3, ssse3, sse4.1, sse4.2, popcnt, avx, avx2, aes, clmul, erms, 3dnowpref, lzcnt, ht, tsc, tscinvbit, bmi1, bmi2, adx

Memory: 4k page, physical 8244904k(902868k free), swap 27189668k(5612k free)

vm_info: Java HotSpot(TM) 64-Bit Server VM (25.162-b12) for windows-amd64 JRE (1.8.0_162-b12), built on Dec 19 2017 20:00:03 by "java_re" with MS VC++ 10.0 (VS2010)

time: Sat Sep 15 15:09:18 2018
elapsed time: 2 seconds (0d 0h 0m 2s)

